[LOG] Removing pre-existing mutants from current working directory
[LOG] Cleaning up LittleDarwin results
---------------------------------------------------
[LOG] Working with setMaxDistance(double)
[LOG] Generating mutants for its parent DouglasPeucker.java
---------------------------------------------------
[LOG] Running littledarwin on /home/dee/dev/rick-major-review/graphhopper/core/src/main/java/com/graphhopper/util/
[LOG] Invoked LitteDarwin with ['python3', '-m', 'littledarwin', '-m', '-v', '-p', '/home/dee/dev/rick-major-review/graphhopper/core/src/main/java/com/graphhopper/util/', '--all']

    __     _  __   __   __       ____                          _
   / /    (_)/ /_ / /_ / /___   / __ \ ____ _ _____ _      __ (_)____
  / /    / // __// __// // _ \ / / / // __ `// ___/| | /| / // // __ \
 / /___ / // /_ / /_ / //  __// /_/ // /_/ // /    | |/ |/ // // / / /
/_____//_/ \__/ \__//_/ \___//_____/ \__,_//_/     |__/|__//_//_/ /_/

      _                     _                 ___
     /_|  /|/|  _/__/'     /_|   _ /   _ ' _ (_  _ _ _  _      _ /
    (  | /   |(//(///()/) (  |/)(/((/_) /_)  /  / (///)(-((/()/ /(
                                  /


    LittleDarwin version 0.10.7 Copyright (C) 2014-2020 Ali Parsai

    LittleDarwin comes with ABSOLUTELY NO WARRANTY.
    This is free software, and you are welcome to redistribute it
    under certain conditions; run LittleDarwin --license for details.

    !!!!!!!!!!!!! TRYING TO MODIFY THIS!!!!!!!!!!!!!!

    
Source Path:  /home/dee/dev/rick-major-review/graphhopper/core/src/main/java/com/graphhopper/util
Target Path:  /home/dee/anaconda3/lib/python3.8/site-packages/littledarwin/LittleDarwinResults
Creating Mutation Database:  /home/dee/anaconda3/lib/python3.8/site-packages/littledarwin/LittleDarwinResults/mutationdatabase

(1/50) Source file:  /home/dee/dev/rick-major-review/graphhopper/core/src/main/java/com/graphhopper/util/DepthFirstSearch.java
ANTLR runtime and generated code versions disagree: 4.13.0!=4.10.1
ANTLR runtime and generated code versions disagree: 4.13.0!=4.10.1
--> Mutations found:  6
----> ConditionalOperatorReplacement : 1
----> RemoveMethod : 1
----> RelationalOperatorReplacement : 1
----> ConditionalOperatorDeletion : 1
----> NullifyInputVariable : 1
----> NullifyObjectInitialization : 1

(2/50) Source file:  /home/dee/dev/rick-major-review/graphhopper/core/src/main/java/com/graphhopper/util/DistancePlaneProjection.java
ANTLR runtime and generated code versions disagree: 4.13.0!=4.10.1
ANTLR runtime and generated code versions disagree: 4.13.0!=4.10.1
--> Mutations found:  29
----> RemoveMethod : 12
----> ArithmeticOperatorReplacementBinary : 15
----> NullifyReturnValue : 1
----> NullifyObjectInitialization : 1

(3/50) Source file:  /home/dee/dev/rick-major-review/graphhopper/core/src/main/java/com/graphhopper/util/GHUtility.java
ANTLR runtime and generated code versions disagree: 4.13.0!=4.10.1
ANTLR runtime and generated code versions disagree: 4.13.0!=4.10.1
--> Mutations found:  516
----> RemoveNullCheck : 5
----> ConditionalOperatorReplacement : 23
----> ShiftOperatorReplacement : 2
----> RemoveMethod : 145
----> RelationalOperatorReplacement : 61
----> ArithmeticOperatorReplacementShortcut : 12
----> ArithmeticOperatorReplacementBinary : 30
----> ConditionalOperatorDeletion : 16
----> NullifyInputVariable : 111
----> ArithmeticOperatorReplacementUnary : 6
----> NullifyReturnValue : 25
----> AssignmentOperatorReplacementShortcut : 1
----> NullifyObjectInitialization : 79

(4/50) Source file:  /home/dee/dev/rick-major-review/graphhopper/core/src/main/java/com/graphhopper/util/BitUtil.java
ANTLR runtime and generated code versions disagree: 4.13.0!=4.10.1
ANTLR runtime and generated code versions disagree: 4.13.0!=4.10.1
--> Mutations found:  77
----> ShiftOperatorReplacement : 4
----> RemoveMethod : 46
----> RelationalOperatorReplacement : 4
----> ArithmeticOperatorReplacementShortcut : 2
----> ArithmeticOperatorReplacementBinary : 1
----> NullifyInputVariable : 2
----> NullifyReturnValue : 6
----> AssignmentOperatorReplacementShortcut : 2
----> NullifyObjectInitialization : 5
----> LogicalOperatorReplacement : 5

(5/50) Source file:  /home/dee/dev/rick-major-review/graphhopper/core/src/main/java/com/graphhopper/util/StopWatch.java
ANTLR runtime and generated code versions disagree: 4.13.0!=4.10.1
ANTLR runtime and generated code versions disagree: 4.13.0!=4.10.1
--> Mutations found:  68
----> ConditionalOperatorReplacement : 1
----> RemoveMethod : 19
----> RelationalOperatorReplacement : 9
----> ArithmeticOperatorReplacementBinary : 19
----> ConditionalOperatorDeletion : 1
----> NullifyInputVariable : 2
----> ArithmeticOperatorReplacementUnary : 1
----> NullifyReturnValue : 13
----> AssignmentOperatorReplacementShortcut : 2
----> NullifyObjectInitialization : 1

(6/50) Source file:  /home/dee/dev/rick-major-review/graphhopper/core/src/main/java/com/graphhopper/util/MiniPerfTest.java
ANTLR runtime and generated code versions disagree: 4.13.0!=4.10.1
ANTLR runtime and generated code versions disagree: 4.13.0!=4.10.1
--> Mutations found:  46
----> RemoveMethod : 18
----> RelationalOperatorReplacement : 6
----> ArithmeticOperatorReplacementShortcut : 2
----> ArithmeticOperatorReplacementBinary : 10
----> NullifyInputVariable : 2
----> NullifyReturnValue : 5
----> AssignmentOperatorReplacementShortcut : 2
----> NullifyObjectInitialization : 1

(7/50) Source file:  /home/dee/dev/rick-major-review/graphhopper/core/src/main/java/com/graphhopper/util/EdgeExplorer.java
ANTLR runtime and generated code versions disagree: 4.13.0!=4.10.1
ANTLR runtime and generated code versions disagree: 4.13.0!=4.10.1
--> Mutations found:  0

(8/50) Source file:  /home/dee/dev/rick-major-review/graphhopper/core/src/main/java/com/graphhopper/util/BitUtilBig.java
ANTLR runtime and generated code versions disagree: 4.13.0!=4.10.1
ANTLR runtime and generated code versions disagree: 4.13.0!=4.10.1
--> Mutations found:  89
----> ConditionalOperatorReplacement : 1
----> ShiftOperatorReplacement : 18
----> RemoveMethod : 17
----> RelationalOperatorReplacement : 7
----> ArithmeticOperatorReplacementShortcut : 18
----> ArithmeticOperatorReplacementBinary : 6
----> NullifyInputVariable : 1
----> NullifyReturnValue : 2
----> AssignmentOperatorReplacementShortcut : 3
----> NullifyObjectInitialization : 1
----> LogicalOperatorReplacement : 15

(9/50) Source file:  /home/dee/dev/rick-major-review/graphhopper/core/src/main/java/com/graphhopper/util/DouglasPeucker.java
ANTLR runtime and generated code versions disagree: 4.13.0!=4.10.1
ANTLR runtime and generated code versions disagree: 4.13.0!=4.10.1
--> Mutations found:  62
----> ConditionalOperatorReplacement : 5
----> RemoveMethod : 12
----> RelationalOperatorReplacement : 10
----> ArithmeticOperatorReplacementShortcut : 6
----> ArithmeticOperatorReplacementBinary : 12
----> ConditionalOperatorDeletion : 4
----> NullifyInputVariable : 5
----> ArithmeticOperatorReplacementUnary : 2
----> NullifyReturnValue : 2
----> AssignmentOperatorReplacementShortcut : 3
----> NullifyObjectInitialization : 1

(10/50) Source file:  /home/dee/dev/rick-major-review/graphhopper/core/src/main/java/com/graphhopper/util/SimpleIntDeque.java
ANTLR runtime and generated code versions disagree: 4.13.0!=4.10.1
ANTLR runtime and generated code versions disagree: 4.13.0!=4.10.1
--> Mutations found:  29
----> RemoveMethod : 12
----> RelationalOperatorReplacement : 6
----> ArithmeticOperatorReplacementShortcut : 3
----> ArithmeticOperatorReplacementBinary : 5
----> NullifyReturnValue : 1
----> NullifyObjectInitialization : 2

(11/50) Source file:  /home/dee/dev/rick-major-review/graphhopper/core/src/main/java/com/graphhopper/util/DistanceCalcEuclidean.java
ANTLR runtime and generated code versions disagree: 4.13.0!=4.10.1
ANTLR runtime and generated code versions disagree: 4.13.0!=4.10.1
--> Mutations found:  80
----> RemoveMethod : 27
----> ArithmeticOperatorReplacementBinary : 45
----> NullifyReturnValue : 2
----> NullifyObjectInitialization : 6

(12/50) Source file:  /home/dee/dev/rick-major-review/graphhopper/core/src/main/java/com/graphhopper/util/TranslationMap.java
ANTLR runtime and generated code versions disagree: 4.13.0!=4.10.1
ANTLR runtime and generated code versions disagree: 4.13.0!=4.10.1
--> Mutations found:  81
----> RemoveNullCheck : 5
----> ConditionalOperatorReplacement : 4
----> RemoveMethod : 21
----> RelationalOperatorReplacement : 8
----> ArithmeticOperatorReplacementBinary : 1
----> ConditionalOperatorDeletion : 3
----> NullifyInputVariable : 11
----> NullifyReturnValue : 13
----> NullifyObjectInitialization : 15

(13/50) Source file:  /home/dee/dev/rick-major-review/graphhopper/core/src/main/java/com/graphhopper/util/ArrayUtil.java
ANTLR runtime and generated code versions disagree: 4.13.0!=4.10.1
ANTLR runtime and generated code versions disagree: 4.13.0!=4.10.1
--> Mutations found:  114
----> ConditionalOperatorReplacement : 3
----> RemoveMethod : 25
----> RelationalOperatorReplacement : 23
----> ArithmeticOperatorReplacementShortcut : 15
----> ArithmeticOperatorReplacementBinary : 14
----> NullifyInputVariable : 11
----> ArithmeticOperatorReplacementUnary : 1
----> NullifyReturnValue : 11
----> AssignmentOperatorReplacementShortcut : 2
----> NullifyObjectInitialization : 9

(14/50) Source file:  /home/dee/dev/rick-major-review/graphhopper/core/src/main/java/com/graphhopper/util/BitUtilLittle.java
ANTLR runtime and generated code versions disagree: 4.13.0!=4.10.1
ANTLR runtime and generated code versions disagree: 4.13.0!=4.10.1
--> Mutations found:  93
----> ConditionalOperatorReplacement : 1
----> ShiftOperatorReplacement : 18
----> RemoveMethod : 17
----> RelationalOperatorReplacement : 8
----> ArithmeticOperatorReplacementShortcut : 6
----> ArithmeticOperatorReplacementBinary : 21
----> NullifyInputVariable : 1
----> NullifyReturnValue : 2
----> AssignmentOperatorReplacementShortcut : 3
----> NullifyObjectInitialization : 1
----> LogicalOperatorReplacement : 15

(15/50) Source file:  /home/dee/dev/rick-major-review/graphhopper/core/src/main/java/com/graphhopper/util/Downloader.java
ANTLR runtime and generated code versions disagree: 4.13.0!=4.10.1
ANTLR runtime and generated code versions disagree: 4.13.0!=4.10.1
--> Mutations found:  56
----> RemoveNullCheck : 4
----> ConditionalOperatorReplacement : 4
----> RemoveMethod : 10
----> RelationalOperatorReplacement : 6
----> ArithmeticOperatorReplacementBinary : 3
----> NullifyInputVariable : 11
----> ArithmeticOperatorReplacementUnary : 1
----> NullifyReturnValue : 6
----> NullifyObjectInitialization : 11

(16/50) Source file:  /home/dee/dev/rick-major-review/graphhopper/core/src/main/java/com/graphhopper/util/Unzipper.java
ANTLR runtime and generated code versions disagree: 4.13.0!=4.10.1
ANTLR runtime and generated code versions disagree: 4.13.0!=4.10.1
--> Mutations found:  38
----> RemoveNullCheck : 2
----> ConditionalOperatorReplacement : 2
----> RemoveMethod : 5
----> RelationalOperatorReplacement : 5
----> ArithmeticOperatorReplacementBinary : 4
----> ConditionalOperatorDeletion : 3
----> NullifyInputVariable : 8
----> NullifyReturnValue : 1
----> AssignmentOperatorReplacementShortcut : 1
----> NullifyObjectInitialization : 7

(17/50) Source file:  /home/dee/dev/rick-major-review/graphhopper/core/src/main/java/com/graphhopper/util/DistanceCalc3D.java
ANTLR runtime and generated code versions disagree: 4.13.0!=4.10.1
ANTLR runtime and generated code versions disagree: 4.13.0!=4.10.1
--> Mutations found:  9
----> RemoveMethod : 4
----> ArithmeticOperatorReplacementBinary : 4
----> NullifyReturnValue : 1

(18/50) Source file:  /home/dee/dev/rick-major-review/graphhopper/core/src/main/java/com/graphhopper/util/PathMerger.java
ANTLR runtime and generated code versions disagree: 4.13.0!=4.10.1
ANTLR runtime and generated code versions disagree: 4.13.0!=4.10.1
--> Mutations found:  84
----> ConditionalOperatorReplacement : 11
----> RemoveMethod : 9
----> RelationalOperatorReplacement : 13
----> ArithmeticOperatorReplacementShortcut : 3
----> ArithmeticOperatorReplacementBinary : 12
----> ConditionalOperatorDeletion : 7
----> NullifyInputVariable : 10
----> NullifyReturnValue : 7
----> AssignmentOperatorReplacementShortcut : 5
----> NullifyObjectInitialization : 7

(19/50) Source file:  /home/dee/dev/rick-major-review/graphhopper/core/src/main/java/com/graphhopper/util/FetchMode.java
ANTLR runtime and generated code versions disagree: 4.13.0!=4.10.1
ANTLR runtime and generated code versions disagree: 4.13.0!=4.10.1
--> Mutations found:  0

(20/50) Source file:  /home/dee/dev/rick-major-review/graphhopper/core/src/main/java/com/graphhopper/util/DistanceCalcEarth.java
ANTLR runtime and generated code versions disagree: 4.13.0!=4.10.1
ANTLR runtime and generated code versions disagree: 4.13.0!=4.10.1
--> Mutations found:  246
----> ConditionalOperatorReplacement : 5
----> RemoveMethod : 34
----> RelationalOperatorReplacement : 13
----> ArithmeticOperatorReplacementShortcut : 1
----> ArithmeticOperatorReplacementBinary : 171
----> ConditionalOperatorDeletion : 2
----> NullifyInputVariable : 1
----> NullifyReturnValue : 8
----> AssignmentOperatorReplacementShortcut : 2
----> NullifyObjectInitialization : 9

(21/50) Source file:  /home/dee/dev/rick-major-review/graphhopper/core/src/main/java/com/graphhopper/util/EdgeIterator.java
ANTLR runtime and generated code versions disagree: 4.13.0!=4.10.1
ANTLR runtime and generated code versions disagree: 4.13.0!=4.10.1
--> Mutations found:  5
----> RemoveMethod : 2
----> RelationalOperatorReplacement : 1
----> ArithmeticOperatorReplacementUnary : 2

(22/50) Source file:  /home/dee/dev/rick-major-review/graphhopper/core/src/main/java/com/graphhopper/util/EdgeIteratorState.java
ANTLR runtime and generated code versions disagree: 4.13.0!=4.10.1
ANTLR runtime and generated code versions disagree: 4.13.0!=4.10.1
--> Mutations found:  18
----> RemoveMethod : 11
----> NullifyInputVariable : 3
----> NullifyReturnValue : 1
----> NullifyObjectInitialization : 3

(23/50) Source file:  /home/dee/dev/rick-major-review/graphhopper/core/src/main/java/com/graphhopper/util/Constants.java
ANTLR runtime and generated code versions disagree: 4.13.0!=4.10.1
ANTLR runtime and generated code versions disagree: 4.13.0!=4.10.1
--> Mutations found:  30
----> RemoveNullCheck : 1
----> ConditionalOperatorReplacement : 2
----> RemoveMethod : 4
----> RelationalOperatorReplacement : 8
----> ArithmeticOperatorReplacementBinary : 6
----> NullifyReturnValue : 3
----> NullifyObjectInitialization : 6

(24/50) Source file:  /home/dee/dev/rick-major-review/graphhopper/core/src/main/java/com/graphhopper/util/DistanceCalc.java
ANTLR runtime and generated code versions disagree: 4.13.0!=4.10.1
ANTLR runtime and generated code versions disagree: 4.13.0!=4.10.1
--> Mutations found:  0

(25/50) Source file:  /home/dee/dev/rick-major-review/graphhopper/core/src/main/java/com/graphhopper/util/Instructions.java
ANTLR runtime and generated code versions disagree: 4.13.0!=4.10.1
ANTLR runtime and generated code versions disagree: 4.13.0!=4.10.1
--> Mutations found:  23
----> ConditionalOperatorReplacement : 1
----> RemoveMethod : 1
----> RelationalOperatorReplacement : 11
----> ArithmeticOperatorReplacementShortcut : 5
----> ConditionalOperatorDeletion : 1
----> NullifyInputVariable : 1
----> NullifyReturnValue : 3

(26/50) Source file:  /home/dee/dev/rick-major-review/graphhopper/core/src/main/java/com/graphhopper/util/AngleCalc.java
ANTLR runtime and generated code versions disagree: 4.13.0!=4.10.1
ANTLR runtime and generated code versions disagree: 4.13.0!=4.10.1
--> Mutations found:  100
----> ConditionalOperatorReplacement : 1
----> RemoveMethod : 16
----> RelationalOperatorReplacement : 19
----> ArithmeticOperatorReplacementBinary : 53
----> ArithmeticOperatorReplacementUnary : 4
----> NullifyReturnValue : 1
----> AssignmentOperatorReplacementShortcut : 4
----> NullifyObjectInitialization : 2

(27/50) Source file:  /home/dee/dev/rick-major-review/graphhopper/core/src/main/java/com/graphhopper/util/XFirstSearch.java
ANTLR runtime and generated code versions disagree: 4.13.0!=4.10.1
ANTLR runtime and generated code versions disagree: 4.13.0!=4.10.1
--> Mutations found:  5
----> RemoveMethod : 4
----> NullifyInputVariable : 1

(28/50) Source file:  /home/dee/dev/rick-major-review/graphhopper/core/src/main/java/com/graphhopper/util/PathSimplification.java
ANTLR runtime and generated code versions disagree: 4.13.0!=4.10.1
ANTLR runtime and generated code versions disagree: 4.13.0!=4.10.1
--> Mutations found:  72
----> ConditionalOperatorReplacement : 2
----> RemoveMethod : 18
----> RelationalOperatorReplacement : 17
----> ArithmeticOperatorReplacementShortcut : 9
----> ArithmeticOperatorReplacementBinary : 6
----> NullifyInputVariable : 7
----> NullifyReturnValue : 1
----> AssignmentOperatorReplacementShortcut : 5
----> NullifyObjectInitialization : 7

(29/50) Source file:  /home/dee/dev/rick-major-review/graphhopper/core/src/main/java/com/graphhopper/util/BreadthFirstSearch.java
ANTLR runtime and generated code versions disagree: 4.13.0!=4.10.1
ANTLR runtime and generated code versions disagree: 4.13.0!=4.10.1
--> Mutations found:  7
----> ConditionalOperatorReplacement : 1
----> RemoveMethod : 1
----> ConditionalOperatorDeletion : 3
----> NullifyInputVariable : 1
----> NullifyObjectInitialization : 1

(30/50) Source file:  /home/dee/dev/rick-major-review/graphhopper/core/src/main/java/com/graphhopper/util/GitInfo.java
ANTLR runtime and generated code versions disagree: 4.13.0!=4.10.1
ANTLR runtime and generated code versions disagree: 4.13.0!=4.10.1
--> Mutations found:  17
----> RemoveMethod : 12
----> NullifyReturnValue : 5

(31/50) Source file:  /home/dee/dev/rick-major-review/graphhopper/core/src/main/java/com/graphhopper/util/details/EnumDetails.java
ANTLR runtime and generated code versions disagree: 4.13.0!=4.10.1
ANTLR runtime and generated code versions disagree: 4.13.0!=4.10.1
--> Mutations found:  6
----> RemoveMethod : 3
----> RelationalOperatorReplacement : 1
----> NullifyInputVariable : 1
----> NullifyReturnValue : 1

(32/50) Source file:  /home/dee/dev/rick-major-review/graphhopper/core/src/main/java/com/graphhopper/util/details/PathDetailsBuilderFactory.java
ANTLR runtime and generated code versions disagree: 4.13.0!=4.10.1
ANTLR runtime and generated code versions disagree: 4.13.0!=4.10.1
--> Mutations found:  25
----> ConditionalOperatorReplacement : 5
----> RemoveMethod : 1
----> RelationalOperatorReplacement : 1
----> NullifyInputVariable : 3
----> NullifyReturnValue : 1
----> NullifyObjectInitialization : 14

(33/50) Source file:  /home/dee/dev/rick-major-review/graphhopper/core/src/main/java/com/graphhopper/util/details/AverageSpeedDetails.java
ANTLR runtime and generated code versions disagree: 4.13.0!=4.10.1
ANTLR runtime and generated code versions disagree: 4.13.0!=4.10.1
--> Mutations found:  18
----> RemoveNullCheck : 2
----> ConditionalOperatorReplacement : 1
----> RemoveMethod : 3
----> RelationalOperatorReplacement : 4
----> ArithmeticOperatorReplacementBinary : 5
----> NullifyInputVariable : 1
----> ArithmeticOperatorReplacementUnary : 1
----> NullifyReturnValue : 1

(34/50) Source file:  /home/dee/dev/rick-major-review/graphhopper/core/src/main/java/com/graphhopper/util/details/PathDetailsFromEdges.java
ANTLR runtime and generated code versions disagree: 4.13.0!=4.10.1
ANTLR runtime and generated code versions disagree: 4.13.0!=4.10.1
--> Mutations found:  20
----> RemoveNullCheck : 1
----> ConditionalOperatorReplacement : 1
----> RemoveMethod : 3
----> RelationalOperatorReplacement : 1
----> ConditionalOperatorDeletion : 1
----> NullifyInputVariable : 6
----> NullifyReturnValue : 3
----> AssignmentOperatorReplacementShortcut : 1
----> NullifyObjectInitialization : 3

(35/50) Source file:  /home/dee/dev/rick-major-review/graphhopper/core/src/main/java/com/graphhopper/util/details/PathDetailsBuilder.java
ANTLR runtime and generated code versions disagree: 4.13.0!=4.10.1
ANTLR runtime and generated code versions disagree: 4.13.0!=4.10.1
--> Mutations found:  0

(36/50) Source file:  /home/dee/dev/rick-major-review/graphhopper/core/src/main/java/com/graphhopper/util/details/EdgeIdDetails.java
ANTLR runtime and generated code versions disagree: 4.13.0!=4.10.1
ANTLR runtime and generated code versions disagree: 4.13.0!=4.10.1
--> Mutations found:  10
----> RemoveMethod : 5
----> RelationalOperatorReplacement : 1
----> NullifyInputVariable : 2
----> ArithmeticOperatorReplacementUnary : 1
----> NullifyReturnValue : 1

(37/50) Source file:  /home/dee/dev/rick-major-review/graphhopper/core/src/main/java/com/graphhopper/util/details/StringDetails.java
ANTLR runtime and generated code versions disagree: 4.13.0!=4.10.1
ANTLR runtime and generated code versions disagree: 4.13.0!=4.10.1
--> Mutations found:  6
----> RemoveMethod : 3
----> RelationalOperatorReplacement : 1
----> NullifyInputVariable : 1
----> NullifyReturnValue : 1

(38/50) Source file:  /home/dee/dev/rick-major-review/graphhopper/core/src/main/java/com/graphhopper/util/details/AbstractPathDetailsBuilder.java
ANTLR runtime and generated code versions disagree: 4.13.0!=4.10.1
ANTLR runtime and generated code versions disagree: 4.13.0!=4.10.1
--> Mutations found:  14
----> RemoveMethod : 7
----> NullifyReturnValue : 3
----> NullifyObjectInitialization : 4

(39/50) Source file:  /home/dee/dev/rick-major-review/graphhopper/core/src/main/java/com/graphhopper/util/details/EdgeKeyDetails.java
ANTLR runtime and generated code versions disagree: 4.13.0!=4.10.1
ANTLR runtime and generated code versions disagree: 4.13.0!=4.10.1
--> Mutations found:  12
----> RemoveMethod : 5
----> RelationalOperatorReplacement : 1
----> ArithmeticOperatorReplacementBinary : 2
----> NullifyInputVariable : 2
----> ArithmeticOperatorReplacementUnary : 1
----> NullifyReturnValue : 1

(40/50) Source file:  /home/dee/dev/rick-major-review/graphhopper/core/src/main/java/com/graphhopper/util/details/BooleanDetails.java
ANTLR runtime and generated code versions disagree: 4.13.0!=4.10.1
ANTLR runtime and generated code versions disagree: 4.13.0!=4.10.1
--> Mutations found:  9
----> RemoveNullCheck : 1
----> ConditionalOperatorReplacement : 1
----> RemoveMethod : 3
----> RelationalOperatorReplacement : 2
----> NullifyInputVariable : 1
----> NullifyReturnValue : 1

(41/50) Source file:  /home/dee/dev/rick-major-review/graphhopper/core/src/main/java/com/graphhopper/util/details/TimeDetails.java
ANTLR runtime and generated code versions disagree: 4.13.0!=4.10.1
ANTLR runtime and generated code versions disagree: 4.13.0!=4.10.1
--> Mutations found:  7
----> RemoveMethod : 3
----> RelationalOperatorReplacement : 1
----> NullifyInputVariable : 1
----> ArithmeticOperatorReplacementUnary : 1
----> NullifyReturnValue : 1

(42/50) Source file:  /home/dee/dev/rick-major-review/graphhopper/core/src/main/java/com/graphhopper/util/details/StreetNameDetails.java
ANTLR runtime and generated code versions disagree: 4.13.0!=4.10.1
ANTLR runtime and generated code versions disagree: 4.13.0!=4.10.1
--> Mutations found:  9
----> RemoveNullCheck : 1
----> ConditionalOperatorReplacement : 1
----> RemoveMethod : 3
----> RelationalOperatorReplacement : 1
----> ConditionalOperatorDeletion : 1
----> NullifyInputVariable : 1
----> NullifyReturnValue : 1

(43/50) Source file:  /home/dee/dev/rick-major-review/graphhopper/core/src/main/java/com/graphhopper/util/details/DistanceDetails.java
ANTLR runtime and generated code versions disagree: 4.13.0!=4.10.1
ANTLR runtime and generated code versions disagree: 4.13.0!=4.10.1
--> Mutations found:  7
----> RemoveMethod : 3
----> RelationalOperatorReplacement : 1
----> NullifyInputVariable : 1
----> ArithmeticOperatorReplacementUnary : 1
----> NullifyReturnValue : 1

(44/50) Source file:  /home/dee/dev/rick-major-review/graphhopper/core/src/main/java/com/graphhopper/util/details/DecimalDetails.java
ANTLR runtime and generated code versions disagree: 4.13.0!=4.10.1
ANTLR runtime and generated code versions disagree: 4.13.0!=4.10.1
--> Mutations found:  11
----> RemoveMethod : 3
----> RelationalOperatorReplacement : 1
----> ArithmeticOperatorReplacementBinary : 3
----> NullifyInputVariable : 1
----> ArithmeticOperatorReplacementUnary : 1
----> NullifyReturnValue : 2

(45/50) Source file:  /home/dee/dev/rick-major-review/graphhopper/core/src/main/java/com/graphhopper/util/details/IntDetails.java
ANTLR runtime and generated code versions disagree: 4.13.0!=4.10.1
ANTLR runtime and generated code versions disagree: 4.13.0!=4.10.1
--> Mutations found:  7
----> RemoveMethod : 3
----> RelationalOperatorReplacement : 1
----> NullifyInputVariable : 1
----> ArithmeticOperatorReplacementUnary : 1
----> NullifyReturnValue : 1

(46/50) Source file:  /home/dee/dev/rick-major-review/graphhopper/core/src/main/java/com/graphhopper/util/details/WeightDetails.java
ANTLR runtime and generated code versions disagree: 4.13.0!=4.10.1
ANTLR runtime and generated code versions disagree: 4.13.0!=4.10.1
--> Mutations found:  6
----> RemoveMethod : 3
----> RelationalOperatorReplacement : 1
----> NullifyInputVariable : 1
----> NullifyReturnValue : 1

(47/50) Source file:  /home/dee/dev/rick-major-review/graphhopper/core/src/main/java/com/graphhopper/util/shapes/Circle.java
ANTLR runtime and generated code versions disagree: 4.13.0!=4.10.1
ANTLR runtime and generated code versions disagree: 4.13.0!=4.10.1
--> Mutations found:  88
----> RemoveNullCheck : 1
----> ConditionalOperatorReplacement : 7
----> ShiftOperatorReplacement : 3
----> RemoveMethod : 23
----> RelationalOperatorReplacement : 28
----> ArithmeticOperatorReplacementShortcut : 1
----> ArithmeticOperatorReplacementBinary : 14
----> NullifyInputVariable : 5
----> NullifyReturnValue : 2
----> NullifyObjectInitialization : 1
----> LogicalOperatorReplacement : 3

(48/50) Source file:  /home/dee/dev/rick-major-review/graphhopper/core/src/main/java/com/graphhopper/util/shapes/Polygon.java
ANTLR runtime and generated code versions disagree: 4.13.0!=4.10.1
ANTLR runtime and generated code versions disagree: 4.13.0!=4.10.1
--> Mutations found:  57
----> RemoveMethod : 19
----> RelationalOperatorReplacement : 5
----> ArithmeticOperatorReplacementShortcut : 2
----> ArithmeticOperatorReplacementBinary : 8
----> NullifyInputVariable : 3
----> NullifyReturnValue : 4
----> NullifyObjectInitialization : 16

(49/50) Source file:  /home/dee/dev/rick-major-review/graphhopper/core/src/main/java/com/graphhopper/util/shapes/Shape.java
ANTLR runtime and generated code versions disagree: 4.13.0!=4.10.1
ANTLR runtime and generated code versions disagree: 4.13.0!=4.10.1
--> Mutations found:  0

(50/50) Source file:  /home/dee/dev/rick-major-review/graphhopper/core/src/main/java/com/graphhopper/util/shapes/BBox.java
ANTLR runtime and generated code versions disagree: 4.13.0!=4.10.1
ANTLR runtime and generated code versions disagree: 4.13.0!=4.10.1
--> Mutations found:  169
----> RemoveNullCheck : 1
----> ConditionalOperatorReplacement : 19
----> ShiftOperatorReplacement : 4
----> RemoveMethod : 36
----> RelationalOperatorReplacement : 39
----> ArithmeticOperatorReplacementShortcut : 1
----> ArithmeticOperatorReplacementBinary : 14
----> ConditionalOperatorDeletion : 1
----> NullifyInputVariable : 11
----> ArithmeticOperatorReplacementUnary : 8
----> NullifyReturnValue : 14
----> AssignmentOperatorReplacementShortcut : 1
----> NullifyObjectInitialization : 16
----> LogicalOperatorReplacement : 4

Total mutations found:  2481
--> RemoveNullCheck: 24
--> ConditionalOperatorReplacement: 103
--> ShiftOperatorReplacement: 49
--> RemoveMethod: 632
--> RelationalOperatorReplacement: 326
--> ArithmeticOperatorReplacementShortcut: 86
--> ArithmeticOperatorReplacementBinary: 484
--> ConditionalOperatorDeletion: 44
--> NullifyInputVariable: 232
--> ArithmeticOperatorReplacementUnary: 32
--> NullifyReturnValue: 160
--> AssignmentOperatorReplacementShortcut: 37
--> NullifyObjectInitialization: 230
--> LogicalOperatorReplacement: 42


---------------------------------------------------
[LOG] Copying mutants of DouglasPeucker.java
---------------------------------------------------
[LOG] Generated 62 mutants
---------------------------------------------------
[LOG] Backing up original RICK test as ./DouglasPeucker.java/original-test.java
[LOG] Invoking cp /home/dee/dev/rick-major-review/graphhopper/rick-major/src/test/java/com/graphhopper/util/TestDouglasPeuckerRickGen.java ./DouglasPeucker.java/original-test.java
---------------------------------------------------
[LOG] Replacing originalDouglasPeucker.java with ./DouglasPeucker.java/16.java
[LOG] Invoking cp ./DouglasPeucker.java/16.java /home/dee/dev/rick-major-review/graphhopper/core/src/main/java/com/graphhopper/util/DouglasPeucker.java
[LOG] Invoked a clean install of the parent module with ['mvn', 'clean', 'install', '-DskipTests']
[INFO] Scanning for projects...
[INFO] 
[INFO] ------------------< com.graphhopper:graphhopper-core >------------------
[INFO] Building GraphHopper Core 5.3
[INFO] --------------------------------[ jar ]---------------------------------
[INFO] 
[INFO] --- maven-clean-plugin:2.5:clean (default-clean) @ graphhopper-core ---
[INFO] Deleting /home/dee/dev/rick-major-review/graphhopper/core/target
[INFO] 
[INFO] --- git-commit-id-plugin:3.0.0:revision (default) @ graphhopper-core ---
[INFO] 
[INFO] --- maven-resources-plugin:2.6:resources (default-resources) @ graphhopper-core ---
[INFO] Using 'UTF-8' encoding to copy filtered resources.
[INFO] Copying 3 resources
[INFO] Copying 52 resources
[INFO] 
[INFO] --- maven-compiler-plugin:3.8.1:compile (default-compile) @ graphhopper-core ---
[INFO] Changes detected - recompiling the module!
[INFO] Compiling 406 source files to /home/dee/dev/rick-major-review/graphhopper/core/target/classes
[INFO] 
[INFO] --- maven-resources-plugin:2.6:testResources (default-testResources) @ graphhopper-core ---
[INFO] Using 'UTF-8' encoding to copy filtered resources.
[INFO] Copying 37 resources
[INFO] 
[INFO] --- maven-compiler-plugin:3.8.1:testCompile (default-testCompile) @ graphhopper-core ---
[INFO] Changes detected - recompiling the module!
[INFO] Compiling 184 source files to /home/dee/dev/rick-major-review/graphhopper/core/target/test-classes
[INFO] 
[INFO] --- maven-surefire-plugin:2.22.2:test (default-test) @ graphhopper-core ---
[INFO] Tests are skipped.
[INFO] 
[INFO] --- maven-jar-plugin:3.1.1:jar (default-jar) @ graphhopper-core ---
[INFO] Building jar: /home/dee/dev/rick-major-review/graphhopper/core/target/graphhopper-core-5.3.jar
[INFO] 
[INFO] --- maven-jar-plugin:3.1.1:test-jar (default) @ graphhopper-core ---
[INFO] Building jar: /home/dee/dev/rick-major-review/graphhopper/core/target/graphhopper-core-5.3-tests.jar
[INFO] 
[INFO] --- maven-failsafe-plugin:2.22.2:integration-test (default) @ graphhopper-core ---
[INFO] Tests are skipped.
[INFO] 
[INFO] --- maven-failsafe-plugin:2.22.2:verify (default) @ graphhopper-core ---
[INFO] Tests are skipped.
[INFO] 
[INFO] --- maven-install-plugin:2.4:install (default-install) @ graphhopper-core ---
[INFO] Installing /home/dee/dev/rick-major-review/graphhopper/core/target/graphhopper-core-5.3.jar to /home/dee/.m2/repository/com/graphhopper/graphhopper-core/5.3/graphhopper-core-5.3.jar
[INFO] Installing /home/dee/dev/rick-major-review/graphhopper/core/pom.xml to /home/dee/.m2/repository/com/graphhopper/graphhopper-core/5.3/graphhopper-core-5.3.pom
[INFO] Installing /home/dee/dev/rick-major-review/graphhopper/core/target/graphhopper-core-5.3-tests.jar to /home/dee/.m2/repository/com/graphhopper/graphhopper-core/5.3/graphhopper-core-5.3-tests.jar
[INFO] ------------------------------------------------------------------------
[INFO] BUILD SUCCESS
[INFO] ------------------------------------------------------------------------
[INFO] Total time:  49.399 s
[INFO] Finished at: 2023-05-30T21:06:02+02:00
[INFO] ------------------------------------------------------------------------


---------------------------------------------------
[BASELINE] Not evaluating any oracle
[LOG] Modifying /home/dee/dev/rick-major-review/graphhopper/rick-major/src/test/java/com/graphhopper/util/TestDouglasPeuckerRickGen.java
[LOG] In test module directory /home/dee/dev/rick-major-review/graphhopper/rick-major
[LOG] Invoked tests with ['mvn', 'test', '-Dtest=TestDouglasPeuckerRickGen']
[INFO] Scanning for projects...
[WARNING] 
[WARNING] Some problems were encountered while building the effective model for com.graphhopper:rick-major:jar:5.3
[WARNING] 'dependencies.dependency.(groupId:artifactId:type:classifier)' must be unique: com.graphhopper:graphhopper-web:jar -> duplicate declaration of version 5.3 @ line 79, column 17
[WARNING] 
[WARNING] It is highly recommended to fix these problems because they threaten the stability of your build.
[WARNING] 
[WARNING] For this reason, future Maven versions might no longer support building such malformed projects.
[WARNING] 
[INFO] 
[INFO] ---------------------< com.graphhopper:rick-major >---------------------
[INFO] Building rick-major 5.3
[INFO] --------------------------------[ jar ]---------------------------------
[INFO] 
[INFO] --- maven-resources-plugin:2.6:resources (default-resources) @ rick-major ---
[INFO] Using 'UTF-8' encoding to copy filtered resources.
[INFO] Copying 0 resource
[INFO] 
[INFO] --- maven-compiler-plugin:3.8.1:compile (default-compile) @ rick-major ---
[INFO] Nothing to compile - all classes are up to date
[INFO] 
[INFO] --- maven-resources-plugin:2.6:testResources (default-testResources) @ rick-major ---
[INFO] Using 'UTF-8' encoding to copy filtered resources.
[INFO] Copying 3 resources
[INFO] 
[INFO] --- maven-compiler-plugin:3.8.1:testCompile (default-testCompile) @ rick-major ---
[INFO] Changes detected - recompiling the module!
[INFO] Compiling 3 source files to /home/dee/dev/rick-major-review/graphhopper/rick-major/target/test-classes
[INFO] 
[INFO] --- maven-surefire-plugin:2.22.2:test (default-test) @ rick-major ---
[INFO] 
[INFO] -------------------------------------------------------
[INFO]  T E S T S
[INFO] -------------------------------------------------------
[INFO] Running com.graphhopper.util.TestDouglasPeuckerRickGen
[ERROR] Tests run: 2, Failures: 0, Errors: 2, Skipped: 0, Time elapsed: 4.121 s <<< FAILURE! - in com.graphhopper.util.TestDouglasPeuckerRickGen
[ERROR] test_setMaxDistance_CO_a4b39cb5299f4c66a7bb90424b460f7d  Time elapsed: 3.196 s  <<< ERROR!
org.mockito.exceptions.misusing.UnnecessaryStubbingException: 

Unnecessary stubbings detected.
Clean & maintainable test code requires zero unnecessary code.
Following stubbings are unnecessary (click to navigate to relevant line of code):
  1. -> at com.graphhopper.util.TestDouglasPeuckerRickGen.test_setMaxDistance_CO_a4b39cb5299f4c66a7bb90424b460f7d(TestDouglasPeuckerRickGen.java:56)
Please remove unnecessary stubbings or use 'lenient' strictness. More info: javadoc for UnnecessaryStubbingException class.

[ERROR] test_setMaxDistance_PO_a4b39cb5299f4c66a7bb90424b460f7d  Time elapsed: 0.019 s  <<< ERROR!
org.mockito.exceptions.misusing.UnnecessaryStubbingException: 

Unnecessary stubbings detected.
Clean & maintainable test code requires zero unnecessary code.
Following stubbings are unnecessary (click to navigate to relevant line of code):
  1. -> at com.graphhopper.util.TestDouglasPeuckerRickGen.test_setMaxDistance_PO_a4b39cb5299f4c66a7bb90424b460f7d(TestDouglasPeuckerRickGen.java:43)
Please remove unnecessary stubbings or use 'lenient' strictness. More info: javadoc for UnnecessaryStubbingException class.

[INFO] 
[INFO] Results:
[INFO] 
[ERROR] Errors: 
[ERROR]   TestDouglasPeuckerRickGen.test_setMaxDistance_CO_a4b39cb5299f4c66a7bb90424b460f7d » UnnecessaryStubbing
[ERROR]   TestDouglasPeuckerRickGen.test_setMaxDistance_PO_a4b39cb5299f4c66a7bb90424b460f7d » UnnecessaryStubbing
[INFO] 
[ERROR] Tests run: 2, Failures: 0, Errors: 2, Skipped: 0
[INFO] 
[INFO] ------------------------------------------------------------------------
[INFO] BUILD FAILURE
[INFO] ------------------------------------------------------------------------
[INFO] Total time:  15.608 s
[INFO] Finished at: 2023-05-30T21:06:23+02:00
[INFO] ------------------------------------------------------------------------
[ERROR] Failed to execute goal org.apache.maven.plugins:maven-surefire-plugin:2.22.2:test (default-test) on project rick-major: There are test failures.
[ERROR] 
[ERROR] Please refer to /home/dee/dev/rick-major-review/graphhopper/rick-major/target/surefire-reports for the individual test results.
[ERROR] Please refer to dump files (if any exist) [date].dump, [date]-jvmRun[N].dump and [date].dumpstream.
[ERROR] -> [Help 1]
[ERROR] 
[ERROR] To see the full stack trace of the errors, re-run Maven with the -e switch.
[ERROR] Re-run Maven using the -X switch to enable full debug logging.
[ERROR] 
[ERROR] For more information about the errors and possible solutions, please read the following articles:
[ERROR] [Help 1] http://cwiki.apache.org/confluence/display/MAVEN/MojoFailureException

Security framework of XStream not initialized, XStream is probably vulnerable.

---------------------------------------------------
[LOG] Cleaned targets with ['mvn', 'clean']
[INFO] Scanning for projects...
[WARNING] 
[WARNING] Some problems were encountered while building the effective model for com.graphhopper:rick-major:jar:5.3
[WARNING] 'dependencies.dependency.(groupId:artifactId:type:classifier)' must be unique: com.graphhopper:graphhopper-web:jar -> duplicate declaration of version 5.3 @ line 79, column 17
[WARNING] 
[WARNING] It is highly recommended to fix these problems because they threaten the stability of your build.
[WARNING] 
[WARNING] For this reason, future Maven versions might no longer support building such malformed projects.
[WARNING] 
[INFO] 
[INFO] ---------------------< com.graphhopper:rick-major >---------------------
[INFO] Building rick-major 5.3
[INFO] --------------------------------[ jar ]---------------------------------
[INFO] 
[INFO] --- maven-clean-plugin:2.5:clean (default-clean) @ rick-major ---
[INFO] Deleting /home/dee/dev/rick-major-review/graphhopper/rick-major/target
[INFO] ------------------------------------------------------------------------
[INFO] BUILD SUCCESS
[INFO] ------------------------------------------------------------------------
[INFO] Total time:  0.960 s
[INFO] Finished at: 2023-05-30T21:06:28+02:00
[INFO] ------------------------------------------------------------------------


---------------------------------------------------
[LOG] In experiment directory /home/dee/dev/rick-major-review/finches
---------------------------------------------------
[LOG] Restoring original RICK test from ./DouglasPeucker.java/original-test.java
[LOG] Invoking cp ./DouglasPeucker.java/original-test.java /home/dee/dev/rick-major-review/graphhopper/rick-major/src/test/java/com/graphhopper/util/TestDouglasPeuckerRickGen.java
---------------------------------------------------
[PO] Evaluating only PO
[LOG] Modifying /home/dee/dev/rick-major-review/graphhopper/rick-major/src/test/java/com/graphhopper/util/TestDouglasPeuckerRickGen.java
[LOG] In test module directory /home/dee/dev/rick-major-review/graphhopper/rick-major
[LOG] Invoked tests with ['mvn', 'test', '-Dtest=TestDouglasPeuckerRickGen']
[INFO] Scanning for projects...
[WARNING] 
[WARNING] Some problems were encountered while building the effective model for com.graphhopper:rick-major:jar:5.3
[WARNING] 'dependencies.dependency.(groupId:artifactId:type:classifier)' must be unique: com.graphhopper:graphhopper-web:jar -> duplicate declaration of version 5.3 @ line 79, column 17
[WARNING] 
[WARNING] It is highly recommended to fix these problems because they threaten the stability of your build.
[WARNING] 
[WARNING] For this reason, future Maven versions might no longer support building such malformed projects.
[WARNING] 
[INFO] 
[INFO] ---------------------< com.graphhopper:rick-major >---------------------
[INFO] Building rick-major 5.3
[INFO] --------------------------------[ jar ]---------------------------------
[INFO] 
[INFO] --- maven-resources-plugin:2.6:resources (default-resources) @ rick-major ---
[INFO] Using 'UTF-8' encoding to copy filtered resources.
[INFO] Copying 0 resource
[INFO] 
[INFO] --- maven-compiler-plugin:3.8.1:compile (default-compile) @ rick-major ---
[INFO] Nothing to compile - all classes are up to date
[INFO] 
[INFO] --- maven-resources-plugin:2.6:testResources (default-testResources) @ rick-major ---
[INFO] Using 'UTF-8' encoding to copy filtered resources.
[INFO] Copying 3 resources
[INFO] 
[INFO] --- maven-compiler-plugin:3.8.1:testCompile (default-testCompile) @ rick-major ---
[INFO] Changes detected - recompiling the module!
[INFO] Compiling 3 source files to /home/dee/dev/rick-major-review/graphhopper/rick-major/target/test-classes
[INFO] 
[INFO] --- maven-surefire-plugin:2.22.2:test (default-test) @ rick-major ---
[INFO] 
[INFO] -------------------------------------------------------
[INFO]  T E S T S
[INFO] -------------------------------------------------------
[INFO] Running com.graphhopper.util.TestDouglasPeuckerRickGen
[ERROR] Tests run: 2, Failures: 1, Errors: 1, Skipped: 0, Time elapsed: 4.169 s <<< FAILURE! - in com.graphhopper.util.TestDouglasPeuckerRickGen
[ERROR] test_setMaxDistance_CO_a4b39cb5299f4c66a7bb90424b460f7d  Time elapsed: 3.145 s  <<< ERROR!
org.mockito.exceptions.misusing.UnnecessaryStubbingException: 

Unnecessary stubbings detected.
Clean & maintainable test code requires zero unnecessary code.
Following stubbings are unnecessary (click to navigate to relevant line of code):
  1. -> at com.graphhopper.util.TestDouglasPeuckerRickGen.test_setMaxDistance_CO_a4b39cb5299f4c66a7bb90424b460f7d(TestDouglasPeuckerRickGen.java:56)
Please remove unnecessary stubbings or use 'lenient' strictness. More info: javadoc for UnnecessaryStubbingException class.

[ERROR] test_setMaxDistance_PO_a4b39cb5299f4c66a7bb90424b460f7d  Time elapsed: 0.067 s  <<< FAILURE!
org.mockito.exceptions.verification.WantedButNotInvoked: 

Wanted but not invoked:
distanceCalc.calcNormalizedDist(1.0d);
-> at com.graphhopper.util.TestDouglasPeuckerRickGen.test_setMaxDistance_PO_a4b39cb5299f4c66a7bb90424b460f7d(TestDouglasPeuckerRickGen.java:47)
Actually, there were zero interactions with this mock.

	at com.graphhopper.util.TestDouglasPeuckerRickGen.test_setMaxDistance_PO_a4b39cb5299f4c66a7bb90424b460f7d(TestDouglasPeuckerRickGen.java:47)

[INFO] 
[INFO] Results:
[INFO] 
[ERROR] Failures: 
[ERROR]   TestDouglasPeuckerRickGen.test_setMaxDistance_PO_a4b39cb5299f4c66a7bb90424b460f7d:47 
Wanted but not invoked:
distanceCalc.calcNormalizedDist(1.0d);
-> at com.graphhopper.util.TestDouglasPeuckerRickGen.test_setMaxDistance_PO_a4b39cb5299f4c66a7bb90424b460f7d(TestDouglasPeuckerRickGen.java:47)
Actually, there were zero interactions with this mock.

[ERROR] Errors: 
[ERROR]   TestDouglasPeuckerRickGen.test_setMaxDistance_CO_a4b39cb5299f4c66a7bb90424b460f7d » UnnecessaryStubbing
[INFO] 
[ERROR] Tests run: 2, Failures: 1, Errors: 1, Skipped: 0
[INFO] 
[INFO] ------------------------------------------------------------------------
[INFO] BUILD FAILURE
[INFO] ------------------------------------------------------------------------
[INFO] Total time:  14.833 s
[INFO] Finished at: 2023-05-30T21:06:48+02:00
[INFO] ------------------------------------------------------------------------
[ERROR] Failed to execute goal org.apache.maven.plugins:maven-surefire-plugin:2.22.2:test (default-test) on project rick-major: There are test failures.
[ERROR] 
[ERROR] Please refer to /home/dee/dev/rick-major-review/graphhopper/rick-major/target/surefire-reports for the individual test results.
[ERROR] Please refer to dump files (if any exist) [date].dump, [date]-jvmRun[N].dump and [date].dumpstream.
[ERROR] -> [Help 1]
[ERROR] 
[ERROR] To see the full stack trace of the errors, re-run Maven with the -e switch.
[ERROR] Re-run Maven using the -X switch to enable full debug logging.
[ERROR] 
[ERROR] For more information about the errors and possible solutions, please read the following articles:
[ERROR] [Help 1] http://cwiki.apache.org/confluence/display/MAVEN/MojoFailureException

Security framework of XStream not initialized, XStream is probably vulnerable.

---------------------------------------------------
[LOG] Cleaned targets with ['mvn', 'clean']
[INFO] Scanning for projects...
[WARNING] 
[WARNING] Some problems were encountered while building the effective model for com.graphhopper:rick-major:jar:5.3
[WARNING] 'dependencies.dependency.(groupId:artifactId:type:classifier)' must be unique: com.graphhopper:graphhopper-web:jar -> duplicate declaration of version 5.3 @ line 79, column 17
[WARNING] 
[WARNING] It is highly recommended to fix these problems because they threaten the stability of your build.
[WARNING] 
[WARNING] For this reason, future Maven versions might no longer support building such malformed projects.
[WARNING] 
[INFO] 
[INFO] ---------------------< com.graphhopper:rick-major >---------------------
[INFO] Building rick-major 5.3
[INFO] --------------------------------[ jar ]---------------------------------
[INFO] 
[INFO] --- maven-clean-plugin:2.5:clean (default-clean) @ rick-major ---
[INFO] Deleting /home/dee/dev/rick-major-review/graphhopper/rick-major/target
[INFO] ------------------------------------------------------------------------
[INFO] BUILD SUCCESS
[INFO] ------------------------------------------------------------------------
[INFO] Total time:  1.077 s
[INFO] Finished at: 2023-05-30T21:06:53+02:00
[INFO] ------------------------------------------------------------------------


---------------------------------------------------
[LOG] In experiment directory /home/dee/dev/rick-major-review/finches
---------------------------------------------------
[LOG] Restoring original RICK test from ./DouglasPeucker.java/original-test.java
[LOG] Invoking cp ./DouglasPeucker.java/original-test.java /home/dee/dev/rick-major-review/graphhopper/rick-major/src/test/java/com/graphhopper/util/TestDouglasPeuckerRickGen.java
---------------------------------------------------
[CO] Evaluating only CO
[LOG] Modifying /home/dee/dev/rick-major-review/graphhopper/rick-major/src/test/java/com/graphhopper/util/TestDouglasPeuckerRickGen.java
[LOG] In test module directory /home/dee/dev/rick-major-review/graphhopper/rick-major
[LOG] Invoked tests with ['mvn', 'test', '-Dtest=TestDouglasPeuckerRickGen']
[INFO] Scanning for projects...
[WARNING] 
[WARNING] Some problems were encountered while building the effective model for com.graphhopper:rick-major:jar:5.3
[WARNING] 'dependencies.dependency.(groupId:artifactId:type:classifier)' must be unique: com.graphhopper:graphhopper-web:jar -> duplicate declaration of version 5.3 @ line 79, column 17
[WARNING] 
[WARNING] It is highly recommended to fix these problems because they threaten the stability of your build.
[WARNING] 
[WARNING] For this reason, future Maven versions might no longer support building such malformed projects.
[WARNING] 
[INFO] 
[INFO] ---------------------< com.graphhopper:rick-major >---------------------
[INFO] Building rick-major 5.3
[INFO] --------------------------------[ jar ]---------------------------------
[INFO] 
[INFO] --- maven-resources-plugin:2.6:resources (default-resources) @ rick-major ---
[INFO] Using 'UTF-8' encoding to copy filtered resources.
[INFO] Copying 0 resource
[INFO] 
[INFO] --- maven-compiler-plugin:3.8.1:compile (default-compile) @ rick-major ---
[INFO] Nothing to compile - all classes are up to date
[INFO] 
[INFO] --- maven-resources-plugin:2.6:testResources (default-testResources) @ rick-major ---
[INFO] Using 'UTF-8' encoding to copy filtered resources.
[INFO] Copying 3 resources
[INFO] 
[INFO] --- maven-compiler-plugin:3.8.1:testCompile (default-testCompile) @ rick-major ---
[INFO] Changes detected - recompiling the module!
[INFO] Compiling 3 source files to /home/dee/dev/rick-major-review/graphhopper/rick-major/target/test-classes
[INFO] 
[INFO] --- maven-surefire-plugin:2.22.2:test (default-test) @ rick-major ---
[INFO] 
[INFO] -------------------------------------------------------
[INFO]  T E S T S
[INFO] -------------------------------------------------------
[INFO] Running com.graphhopper.util.TestDouglasPeuckerRickGen
[ERROR] Tests run: 2, Failures: 1, Errors: 1, Skipped: 0, Time elapsed: 4.434 s <<< FAILURE! - in com.graphhopper.util.TestDouglasPeuckerRickGen
[ERROR] test_setMaxDistance_CO_a4b39cb5299f4c66a7bb90424b460f7d  Time elapsed: 3.406 s  <<< FAILURE!
org.mockito.exceptions.verification.WantedButNotInvoked: 

Wanted but not invoked:
distanceCalc.calcNormalizedDist(
    <any double>
);
-> at com.graphhopper.util.TestDouglasPeuckerRickGen.test_setMaxDistance_CO_a4b39cb5299f4c66a7bb90424b460f7d(TestDouglasPeuckerRickGen.java:61)
Actually, there were zero interactions with this mock.

	at com.graphhopper.util.TestDouglasPeuckerRickGen.test_setMaxDistance_CO_a4b39cb5299f4c66a7bb90424b460f7d(TestDouglasPeuckerRickGen.java:61)

[ERROR] test_setMaxDistance_PO_a4b39cb5299f4c66a7bb90424b460f7d  Time elapsed: 0.018 s  <<< ERROR!
org.mockito.exceptions.misusing.UnnecessaryStubbingException: 

Unnecessary stubbings detected.
Clean & maintainable test code requires zero unnecessary code.
Following stubbings are unnecessary (click to navigate to relevant line of code):
  1. -> at com.graphhopper.util.TestDouglasPeuckerRickGen.test_setMaxDistance_PO_a4b39cb5299f4c66a7bb90424b460f7d(TestDouglasPeuckerRickGen.java:43)
Please remove unnecessary stubbings or use 'lenient' strictness. More info: javadoc for UnnecessaryStubbingException class.

[INFO] 
[INFO] Results:
[INFO] 
[ERROR] Failures: 
[ERROR]   TestDouglasPeuckerRickGen.test_setMaxDistance_CO_a4b39cb5299f4c66a7bb90424b460f7d:61 
Wanted but not invoked:
distanceCalc.calcNormalizedDist(
    <any double>
);
-> at com.graphhopper.util.TestDouglasPeuckerRickGen.test_setMaxDistance_CO_a4b39cb5299f4c66a7bb90424b460f7d(TestDouglasPeuckerRickGen.java:61)
Actually, there were zero interactions with this mock.

[ERROR] Errors: 
[ERROR]   TestDouglasPeuckerRickGen.test_setMaxDistance_PO_a4b39cb5299f4c66a7bb90424b460f7d » UnnecessaryStubbing
[INFO] 
[ERROR] Tests run: 2, Failures: 1, Errors: 1, Skipped: 0
[INFO] 
[INFO] ------------------------------------------------------------------------
[INFO] BUILD FAILURE
[INFO] ------------------------------------------------------------------------
[INFO] Total time:  14.813 s
[INFO] Finished at: 2023-05-30T21:07:12+02:00
[INFO] ------------------------------------------------------------------------
[ERROR] Failed to execute goal org.apache.maven.plugins:maven-surefire-plugin:2.22.2:test (default-test) on project rick-major: There are test failures.
[ERROR] 
[ERROR] Please refer to /home/dee/dev/rick-major-review/graphhopper/rick-major/target/surefire-reports for the individual test results.
[ERROR] Please refer to dump files (if any exist) [date].dump, [date]-jvmRun[N].dump and [date].dumpstream.
[ERROR] -> [Help 1]
[ERROR] 
[ERROR] To see the full stack trace of the errors, re-run Maven with the -e switch.
[ERROR] Re-run Maven using the -X switch to enable full debug logging.
[ERROR] 
[ERROR] For more information about the errors and possible solutions, please read the following articles:
[ERROR] [Help 1] http://cwiki.apache.org/confluence/display/MAVEN/MojoFailureException

Security framework of XStream not initialized, XStream is probably vulnerable.

---------------------------------------------------
[LOG] Cleaned targets with ['mvn', 'clean']
[INFO] Scanning for projects...
[WARNING] 
[WARNING] Some problems were encountered while building the effective model for com.graphhopper:rick-major:jar:5.3
[WARNING] 'dependencies.dependency.(groupId:artifactId:type:classifier)' must be unique: com.graphhopper:graphhopper-web:jar -> duplicate declaration of version 5.3 @ line 79, column 17
[WARNING] 
[WARNING] It is highly recommended to fix these problems because they threaten the stability of your build.
[WARNING] 
[WARNING] For this reason, future Maven versions might no longer support building such malformed projects.
[WARNING] 
[INFO] 
[INFO] ---------------------< com.graphhopper:rick-major >---------------------
[INFO] Building rick-major 5.3
[INFO] --------------------------------[ jar ]---------------------------------
[INFO] 
[INFO] --- maven-clean-plugin:2.5:clean (default-clean) @ rick-major ---
[INFO] Deleting /home/dee/dev/rick-major-review/graphhopper/rick-major/target
[INFO] ------------------------------------------------------------------------
[INFO] BUILD SUCCESS
[INFO] ------------------------------------------------------------------------
[INFO] Total time:  1.191 s
[INFO] Finished at: 2023-05-30T21:07:17+02:00
[INFO] ------------------------------------------------------------------------


---------------------------------------------------
[LOG] In experiment directory /home/dee/dev/rick-major-review/finches
---------------------------------------------------
[LOG] Restoring original RICK test from ./DouglasPeucker.java/original-test.java
[LOG] Invoking cp ./DouglasPeucker.java/original-test.java /home/dee/dev/rick-major-review/graphhopper/rick-major/src/test/java/com/graphhopper/util/TestDouglasPeuckerRickGen.java
---------------------------------------------------
[ALL] Evaluating (OO +) PO + CO
[LOG] Restoring original RICK test from ./DouglasPeucker.java/original-test.java
[LOG] Invoking cp ./DouglasPeucker.java/original-test.java /home/dee/dev/rick-major-review/graphhopper/rick-major/src/test/java/com/graphhopper/util/TestDouglasPeuckerRickGen.java
[LOG] In test module directory /home/dee/dev/rick-major-review/graphhopper/rick-major
[LOG] Invoked tests with ['mvn', 'test', '-Dtest=TestDouglasPeuckerRickGen']
[INFO] Scanning for projects...
[WARNING] 
[WARNING] Some problems were encountered while building the effective model for com.graphhopper:rick-major:jar:5.3
[WARNING] 'dependencies.dependency.(groupId:artifactId:type:classifier)' must be unique: com.graphhopper:graphhopper-web:jar -> duplicate declaration of version 5.3 @ line 79, column 17
[WARNING] 
[WARNING] It is highly recommended to fix these problems because they threaten the stability of your build.
[WARNING] 
[WARNING] For this reason, future Maven versions might no longer support building such malformed projects.
[WARNING] 
[INFO] 
[INFO] ---------------------< com.graphhopper:rick-major >---------------------
[INFO] Building rick-major 5.3
[INFO] --------------------------------[ jar ]---------------------------------
[INFO] 
[INFO] --- maven-resources-plugin:2.6:resources (default-resources) @ rick-major ---
[INFO] Using 'UTF-8' encoding to copy filtered resources.
[INFO] Copying 0 resource
[INFO] 
[INFO] --- maven-compiler-plugin:3.8.1:compile (default-compile) @ rick-major ---
[INFO] Nothing to compile - all classes are up to date
[INFO] 
[INFO] --- maven-resources-plugin:2.6:testResources (default-testResources) @ rick-major ---
[INFO] Using 'UTF-8' encoding to copy filtered resources.
[INFO] Copying 3 resources
[INFO] 
[INFO] --- maven-compiler-plugin:3.8.1:testCompile (default-testCompile) @ rick-major ---
[INFO] Changes detected - recompiling the module!
[INFO] Compiling 3 source files to /home/dee/dev/rick-major-review/graphhopper/rick-major/target/test-classes
[INFO] 
[INFO] --- maven-surefire-plugin:2.22.2:test (default-test) @ rick-major ---
[INFO] 
[INFO] -------------------------------------------------------
[INFO]  T E S T S
[INFO] -------------------------------------------------------
[INFO] Running com.graphhopper.util.TestDouglasPeuckerRickGen
[ERROR] Tests run: 2, Failures: 2, Errors: 0, Skipped: 0, Time elapsed: 4.51 s <<< FAILURE! - in com.graphhopper.util.TestDouglasPeuckerRickGen
[ERROR] test_setMaxDistance_CO_a4b39cb5299f4c66a7bb90424b460f7d  Time elapsed: 3.639 s  <<< FAILURE!
org.mockito.exceptions.verification.WantedButNotInvoked: 

Wanted but not invoked:
distanceCalc.calcNormalizedDist(
    <any double>
);
-> at com.graphhopper.util.TestDouglasPeuckerRickGen.test_setMaxDistance_CO_a4b39cb5299f4c66a7bb90424b460f7d(TestDouglasPeuckerRickGen.java:61)
Actually, there were zero interactions with this mock.

	at com.graphhopper.util.TestDouglasPeuckerRickGen.test_setMaxDistance_CO_a4b39cb5299f4c66a7bb90424b460f7d(TestDouglasPeuckerRickGen.java:61)

[ERROR] test_setMaxDistance_PO_a4b39cb5299f4c66a7bb90424b460f7d  Time elapsed: 0.046 s  <<< FAILURE!
org.mockito.exceptions.verification.WantedButNotInvoked: 

Wanted but not invoked:
distanceCalc.calcNormalizedDist(1.0d);
-> at com.graphhopper.util.TestDouglasPeuckerRickGen.test_setMaxDistance_PO_a4b39cb5299f4c66a7bb90424b460f7d(TestDouglasPeuckerRickGen.java:47)
Actually, there were zero interactions with this mock.

	at com.graphhopper.util.TestDouglasPeuckerRickGen.test_setMaxDistance_PO_a4b39cb5299f4c66a7bb90424b460f7d(TestDouglasPeuckerRickGen.java:47)

[INFO] 
[INFO] Results:
[INFO] 
[ERROR] Failures: 
[ERROR]   TestDouglasPeuckerRickGen.test_setMaxDistance_CO_a4b39cb5299f4c66a7bb90424b460f7d:61 
Wanted but not invoked:
distanceCalc.calcNormalizedDist(
    <any double>
);
-> at com.graphhopper.util.TestDouglasPeuckerRickGen.test_setMaxDistance_CO_a4b39cb5299f4c66a7bb90424b460f7d(TestDouglasPeuckerRickGen.java:61)
Actually, there were zero interactions with this mock.

[ERROR]   TestDouglasPeuckerRickGen.test_setMaxDistance_PO_a4b39cb5299f4c66a7bb90424b460f7d:47 
Wanted but not invoked:
distanceCalc.calcNormalizedDist(1.0d);
-> at com.graphhopper.util.TestDouglasPeuckerRickGen.test_setMaxDistance_PO_a4b39cb5299f4c66a7bb90424b460f7d(TestDouglasPeuckerRickGen.java:47)
Actually, there were zero interactions with this mock.

[INFO] 
[ERROR] Tests run: 2, Failures: 2, Errors: 0, Skipped: 0
[INFO] 
[INFO] ------------------------------------------------------------------------
[INFO] BUILD FAILURE
[INFO] ------------------------------------------------------------------------
[INFO] Total time:  15.101 s
[INFO] Finished at: 2023-05-30T21:07:36+02:00
[INFO] ------------------------------------------------------------------------
[ERROR] Failed to execute goal org.apache.maven.plugins:maven-surefire-plugin:2.22.2:test (default-test) on project rick-major: There are test failures.
[ERROR] 
[ERROR] Please refer to /home/dee/dev/rick-major-review/graphhopper/rick-major/target/surefire-reports for the individual test results.
[ERROR] Please refer to dump files (if any exist) [date].dump, [date]-jvmRun[N].dump and [date].dumpstream.
[ERROR] -> [Help 1]
[ERROR] 
[ERROR] To see the full stack trace of the errors, re-run Maven with the -e switch.
[ERROR] Re-run Maven using the -X switch to enable full debug logging.
[ERROR] 
[ERROR] For more information about the errors and possible solutions, please read the following articles:
[ERROR] [Help 1] http://cwiki.apache.org/confluence/display/MAVEN/MojoFailureException

Security framework of XStream not initialized, XStream is probably vulnerable.

---------------------------------------------------
[LOG] Cleaned targets with ['mvn', 'clean']
[INFO] Scanning for projects...
[WARNING] 
[WARNING] Some problems were encountered while building the effective model for com.graphhopper:rick-major:jar:5.3
[WARNING] 'dependencies.dependency.(groupId:artifactId:type:classifier)' must be unique: com.graphhopper:graphhopper-web:jar -> duplicate declaration of version 5.3 @ line 79, column 17
[WARNING] 
[WARNING] It is highly recommended to fix these problems because they threaten the stability of your build.
[WARNING] 
[WARNING] For this reason, future Maven versions might no longer support building such malformed projects.
[WARNING] 
[INFO] 
[INFO] ---------------------< com.graphhopper:rick-major >---------------------
[INFO] Building rick-major 5.3
[INFO] --------------------------------[ jar ]---------------------------------
[INFO] 
[INFO] --- maven-clean-plugin:2.5:clean (default-clean) @ rick-major ---
[INFO] Deleting /home/dee/dev/rick-major-review/graphhopper/rick-major/target
[INFO] ------------------------------------------------------------------------
[INFO] BUILD SUCCESS
[INFO] ------------------------------------------------------------------------
[INFO] Total time:  1.021 s
[INFO] Finished at: 2023-05-30T21:07:41+02:00
[INFO] ------------------------------------------------------------------------


---------------------------------------------------
[LOG] In experiment directory /home/dee/dev/rick-major-review/finches
---------------------------------------------------
---------------------------------------------------
[LOG] Resetting DouglasPeucker.java to original
[LOG] Invoking cp ./DouglasPeucker.java/original.java /home/dee/dev/rick-major-review/graphhopper/core/src/main/java/com/graphhopper/util/DouglasPeucker.java
---------------------------------------------------
[LOG] Replacing originalDouglasPeucker.java with ./DouglasPeucker.java/58.java
[LOG] Invoking cp ./DouglasPeucker.java/58.java /home/dee/dev/rick-major-review/graphhopper/core/src/main/java/com/graphhopper/util/DouglasPeucker.java
[LOG] Invoked a clean install of the parent module with ['mvn', 'clean', 'install', '-DskipTests']
[INFO] Scanning for projects...
[INFO] 
[INFO] ------------------< com.graphhopper:graphhopper-core >------------------
[INFO] Building GraphHopper Core 5.3
[INFO] --------------------------------[ jar ]---------------------------------
[INFO] 
[INFO] --- maven-clean-plugin:2.5:clean (default-clean) @ graphhopper-core ---
[INFO] Deleting /home/dee/dev/rick-major-review/graphhopper/core/target
[INFO] 
[INFO] --- git-commit-id-plugin:3.0.0:revision (default) @ graphhopper-core ---
[INFO] 
[INFO] --- maven-resources-plugin:2.6:resources (default-resources) @ graphhopper-core ---
[INFO] Using 'UTF-8' encoding to copy filtered resources.
[INFO] Copying 3 resources
[INFO] Copying 52 resources
[INFO] 
[INFO] --- maven-compiler-plugin:3.8.1:compile (default-compile) @ graphhopper-core ---
[INFO] Changes detected - recompiling the module!
[INFO] Compiling 406 source files to /home/dee/dev/rick-major-review/graphhopper/core/target/classes
[INFO] 
[INFO] --- maven-resources-plugin:2.6:testResources (default-testResources) @ graphhopper-core ---
[INFO] Using 'UTF-8' encoding to copy filtered resources.
[INFO] Copying 37 resources
[INFO] 
[INFO] --- maven-compiler-plugin:3.8.1:testCompile (default-testCompile) @ graphhopper-core ---
[INFO] Changes detected - recompiling the module!
[INFO] Compiling 184 source files to /home/dee/dev/rick-major-review/graphhopper/core/target/test-classes
[INFO] 
[INFO] --- maven-surefire-plugin:2.22.2:test (default-test) @ graphhopper-core ---
[INFO] Tests are skipped.
[INFO] 
[INFO] --- maven-jar-plugin:3.1.1:jar (default-jar) @ graphhopper-core ---
[INFO] Building jar: /home/dee/dev/rick-major-review/graphhopper/core/target/graphhopper-core-5.3.jar
[INFO] 
[INFO] --- maven-jar-plugin:3.1.1:test-jar (default) @ graphhopper-core ---
[INFO] Building jar: /home/dee/dev/rick-major-review/graphhopper/core/target/graphhopper-core-5.3-tests.jar
[INFO] 
[INFO] --- maven-failsafe-plugin:2.22.2:integration-test (default) @ graphhopper-core ---
[INFO] Tests are skipped.
[INFO] 
[INFO] --- maven-failsafe-plugin:2.22.2:verify (default) @ graphhopper-core ---
[INFO] Tests are skipped.
[INFO] 
[INFO] --- maven-install-plugin:2.4:install (default-install) @ graphhopper-core ---
[INFO] Installing /home/dee/dev/rick-major-review/graphhopper/core/target/graphhopper-core-5.3.jar to /home/dee/.m2/repository/com/graphhopper/graphhopper-core/5.3/graphhopper-core-5.3.jar
[INFO] Installing /home/dee/dev/rick-major-review/graphhopper/core/pom.xml to /home/dee/.m2/repository/com/graphhopper/graphhopper-core/5.3/graphhopper-core-5.3.pom
[INFO] Installing /home/dee/dev/rick-major-review/graphhopper/core/target/graphhopper-core-5.3-tests.jar to /home/dee/.m2/repository/com/graphhopper/graphhopper-core/5.3/graphhopper-core-5.3-tests.jar
[INFO] ------------------------------------------------------------------------
[INFO] BUILD SUCCESS
[INFO] ------------------------------------------------------------------------
[INFO] Total time:  59.865 s
[INFO] Finished at: 2023-05-30T21:08:46+02:00
[INFO] ------------------------------------------------------------------------


---------------------------------------------------
[BASELINE] Not evaluating any oracle
[LOG] Modifying /home/dee/dev/rick-major-review/graphhopper/rick-major/src/test/java/com/graphhopper/util/TestDouglasPeuckerRickGen.java
[LOG] In test module directory /home/dee/dev/rick-major-review/graphhopper/rick-major
[LOG] Invoked tests with ['mvn', 'test', '-Dtest=TestDouglasPeuckerRickGen']
[INFO] Scanning for projects...
[WARNING] 
[WARNING] Some problems were encountered while building the effective model for com.graphhopper:rick-major:jar:5.3
[WARNING] 'dependencies.dependency.(groupId:artifactId:type:classifier)' must be unique: com.graphhopper:graphhopper-web:jar -> duplicate declaration of version 5.3 @ line 79, column 17
[WARNING] 
[WARNING] It is highly recommended to fix these problems because they threaten the stability of your build.
[WARNING] 
[WARNING] For this reason, future Maven versions might no longer support building such malformed projects.
[WARNING] 
[INFO] 
[INFO] ---------------------< com.graphhopper:rick-major >---------------------
[INFO] Building rick-major 5.3
[INFO] --------------------------------[ jar ]---------------------------------
[INFO] 
[INFO] --- maven-resources-plugin:2.6:resources (default-resources) @ rick-major ---
[INFO] Using 'UTF-8' encoding to copy filtered resources.
[INFO] Copying 0 resource
[INFO] 
[INFO] --- maven-compiler-plugin:3.8.1:compile (default-compile) @ rick-major ---
[INFO] Nothing to compile - all classes are up to date
[INFO] 
[INFO] --- maven-resources-plugin:2.6:testResources (default-testResources) @ rick-major ---
[INFO] Using 'UTF-8' encoding to copy filtered resources.
[INFO] Copying 3 resources
[INFO] 
[INFO] --- maven-compiler-plugin:3.8.1:testCompile (default-testCompile) @ rick-major ---
[INFO] Changes detected - recompiling the module!
[INFO] Compiling 3 source files to /home/dee/dev/rick-major-review/graphhopper/rick-major/target/test-classes
[INFO] 
[INFO] --- maven-surefire-plugin:2.22.2:test (default-test) @ rick-major ---
[INFO] 
[INFO] -------------------------------------------------------
[INFO]  T E S T S
[INFO] -------------------------------------------------------
[INFO] Running com.graphhopper.util.TestDouglasPeuckerRickGen
[INFO] Tests run: 2, Failures: 0, Errors: 0, Skipped: 0, Time elapsed: 4.174 s - in com.graphhopper.util.TestDouglasPeuckerRickGen
[INFO] 
[INFO] Results:
[INFO] 
[INFO] Tests run: 2, Failures: 0, Errors: 0, Skipped: 0
[INFO] 
[INFO] ------------------------------------------------------------------------
[INFO] BUILD SUCCESS
[INFO] ------------------------------------------------------------------------
[INFO] Total time:  13.805 s
[INFO] Finished at: 2023-05-30T21:09:04+02:00
[INFO] ------------------------------------------------------------------------

Security framework of XStream not initialized, XStream is probably vulnerable.

---------------------------------------------------
[LOG] Cleaned targets with ['mvn', 'clean']
[INFO] Scanning for projects...
[WARNING] 
[WARNING] Some problems were encountered while building the effective model for com.graphhopper:rick-major:jar:5.3
[WARNING] 'dependencies.dependency.(groupId:artifactId:type:classifier)' must be unique: com.graphhopper:graphhopper-web:jar -> duplicate declaration of version 5.3 @ line 79, column 17
[WARNING] 
[WARNING] It is highly recommended to fix these problems because they threaten the stability of your build.
[WARNING] 
[WARNING] For this reason, future Maven versions might no longer support building such malformed projects.
[WARNING] 
[INFO] 
[INFO] ---------------------< com.graphhopper:rick-major >---------------------
[INFO] Building rick-major 5.3
[INFO] --------------------------------[ jar ]---------------------------------
[INFO] 
[INFO] --- maven-clean-plugin:2.5:clean (default-clean) @ rick-major ---
[INFO] Deleting /home/dee/dev/rick-major-review/graphhopper/rick-major/target
[INFO] ------------------------------------------------------------------------
[INFO] BUILD SUCCESS
[INFO] ------------------------------------------------------------------------
[INFO] Total time:  1.036 s
[INFO] Finished at: 2023-05-30T21:09:09+02:00
[INFO] ------------------------------------------------------------------------


---------------------------------------------------
[LOG] In experiment directory /home/dee/dev/rick-major-review/finches
---------------------------------------------------
[LOG] Restoring original RICK test from ./DouglasPeucker.java/original-test.java
[LOG] Invoking cp ./DouglasPeucker.java/original-test.java /home/dee/dev/rick-major-review/graphhopper/rick-major/src/test/java/com/graphhopper/util/TestDouglasPeuckerRickGen.java
---------------------------------------------------
[PO] Evaluating only PO
[LOG] Modifying /home/dee/dev/rick-major-review/graphhopper/rick-major/src/test/java/com/graphhopper/util/TestDouglasPeuckerRickGen.java
[LOG] In test module directory /home/dee/dev/rick-major-review/graphhopper/rick-major
[LOG] Invoked tests with ['mvn', 'test', '-Dtest=TestDouglasPeuckerRickGen']
[INFO] Scanning for projects...
[WARNING] 
[WARNING] Some problems were encountered while building the effective model for com.graphhopper:rick-major:jar:5.3
[WARNING] 'dependencies.dependency.(groupId:artifactId:type:classifier)' must be unique: com.graphhopper:graphhopper-web:jar -> duplicate declaration of version 5.3 @ line 79, column 17
[WARNING] 
[WARNING] It is highly recommended to fix these problems because they threaten the stability of your build.
[WARNING] 
[WARNING] For this reason, future Maven versions might no longer support building such malformed projects.
[WARNING] 
[INFO] 
[INFO] ---------------------< com.graphhopper:rick-major >---------------------
[INFO] Building rick-major 5.3
[INFO] --------------------------------[ jar ]---------------------------------
[INFO] 
[INFO] --- maven-resources-plugin:2.6:resources (default-resources) @ rick-major ---
[INFO] Using 'UTF-8' encoding to copy filtered resources.
[INFO] Copying 0 resource
[INFO] 
[INFO] --- maven-compiler-plugin:3.8.1:compile (default-compile) @ rick-major ---
[INFO] Nothing to compile - all classes are up to date
[INFO] 
[INFO] --- maven-resources-plugin:2.6:testResources (default-testResources) @ rick-major ---
[INFO] Using 'UTF-8' encoding to copy filtered resources.
[INFO] Copying 3 resources
[INFO] 
[INFO] --- maven-compiler-plugin:3.8.1:testCompile (default-testCompile) @ rick-major ---
[INFO] Changes detected - recompiling the module!
[INFO] Compiling 3 source files to /home/dee/dev/rick-major-review/graphhopper/rick-major/target/test-classes
[INFO] 
[INFO] --- maven-surefire-plugin:2.22.2:test (default-test) @ rick-major ---
[INFO] 
[INFO] -------------------------------------------------------
[INFO]  T E S T S
[INFO] -------------------------------------------------------
[INFO] Running com.graphhopper.util.TestDouglasPeuckerRickGen
[INFO] Tests run: 2, Failures: 0, Errors: 0, Skipped: 0, Time elapsed: 3.44 s - in com.graphhopper.util.TestDouglasPeuckerRickGen
[INFO] 
[INFO] Results:
[INFO] 
[INFO] Tests run: 2, Failures: 0, Errors: 0, Skipped: 0
[INFO] 
[INFO] ------------------------------------------------------------------------
[INFO] BUILD SUCCESS
[INFO] ------------------------------------------------------------------------
[INFO] Total time:  13.901 s
[INFO] Finished at: 2023-05-30T21:09:27+02:00
[INFO] ------------------------------------------------------------------------

Security framework of XStream not initialized, XStream is probably vulnerable.

---------------------------------------------------
[LOG] Cleaned targets with ['mvn', 'clean']
[INFO] Scanning for projects...
[WARNING] 
[WARNING] Some problems were encountered while building the effective model for com.graphhopper:rick-major:jar:5.3
[WARNING] 'dependencies.dependency.(groupId:artifactId:type:classifier)' must be unique: com.graphhopper:graphhopper-web:jar -> duplicate declaration of version 5.3 @ line 79, column 17
[WARNING] 
[WARNING] It is highly recommended to fix these problems because they threaten the stability of your build.
[WARNING] 
[WARNING] For this reason, future Maven versions might no longer support building such malformed projects.
[WARNING] 
[INFO] 
[INFO] ---------------------< com.graphhopper:rick-major >---------------------
[INFO] Building rick-major 5.3
[INFO] --------------------------------[ jar ]---------------------------------
[INFO] 
[INFO] --- maven-clean-plugin:2.5:clean (default-clean) @ rick-major ---
[INFO] Deleting /home/dee/dev/rick-major-review/graphhopper/rick-major/target
[INFO] ------------------------------------------------------------------------
[INFO] BUILD SUCCESS
[INFO] ------------------------------------------------------------------------
[INFO] Total time:  0.958 s
[INFO] Finished at: 2023-05-30T21:09:31+02:00
[INFO] ------------------------------------------------------------------------


---------------------------------------------------
[LOG] In experiment directory /home/dee/dev/rick-major-review/finches
---------------------------------------------------
[LOG] Restoring original RICK test from ./DouglasPeucker.java/original-test.java
[LOG] Invoking cp ./DouglasPeucker.java/original-test.java /home/dee/dev/rick-major-review/graphhopper/rick-major/src/test/java/com/graphhopper/util/TestDouglasPeuckerRickGen.java
---------------------------------------------------
[CO] Evaluating only CO
[LOG] Modifying /home/dee/dev/rick-major-review/graphhopper/rick-major/src/test/java/com/graphhopper/util/TestDouglasPeuckerRickGen.java
[LOG] In test module directory /home/dee/dev/rick-major-review/graphhopper/rick-major
[LOG] Invoked tests with ['mvn', 'test', '-Dtest=TestDouglasPeuckerRickGen']
[INFO] Scanning for projects...
[WARNING] 
[WARNING] Some problems were encountered while building the effective model for com.graphhopper:rick-major:jar:5.3
[WARNING] 'dependencies.dependency.(groupId:artifactId:type:classifier)' must be unique: com.graphhopper:graphhopper-web:jar -> duplicate declaration of version 5.3 @ line 79, column 17
[WARNING] 
[WARNING] It is highly recommended to fix these problems because they threaten the stability of your build.
[WARNING] 
[WARNING] For this reason, future Maven versions might no longer support building such malformed projects.
[WARNING] 
[INFO] 
[INFO] ---------------------< com.graphhopper:rick-major >---------------------
[INFO] Building rick-major 5.3
[INFO] --------------------------------[ jar ]---------------------------------
[INFO] 
[INFO] --- maven-resources-plugin:2.6:resources (default-resources) @ rick-major ---
[INFO] Using 'UTF-8' encoding to copy filtered resources.
[INFO] Copying 0 resource
[INFO] 
[INFO] --- maven-compiler-plugin:3.8.1:compile (default-compile) @ rick-major ---
[INFO] Nothing to compile - all classes are up to date
[INFO] 
[INFO] --- maven-resources-plugin:2.6:testResources (default-testResources) @ rick-major ---
[INFO] Using 'UTF-8' encoding to copy filtered resources.
[INFO] Copying 3 resources
[INFO] 
[INFO] --- maven-compiler-plugin:3.8.1:testCompile (default-testCompile) @ rick-major ---
[INFO] Changes detected - recompiling the module!
[INFO] Compiling 3 source files to /home/dee/dev/rick-major-review/graphhopper/rick-major/target/test-classes
[INFO] 
[INFO] --- maven-surefire-plugin:2.22.2:test (default-test) @ rick-major ---
[INFO] 
[INFO] -------------------------------------------------------
[INFO]  T E S T S
[INFO] -------------------------------------------------------
[INFO] Running com.graphhopper.util.TestDouglasPeuckerRickGen
[INFO] Tests run: 2, Failures: 0, Errors: 0, Skipped: 0, Time elapsed: 3.406 s - in com.graphhopper.util.TestDouglasPeuckerRickGen
[INFO] 
[INFO] Results:
[INFO] 
[INFO] Tests run: 2, Failures: 0, Errors: 0, Skipped: 0
[INFO] 
[INFO] ------------------------------------------------------------------------
[INFO] BUILD SUCCESS
[INFO] ------------------------------------------------------------------------
[INFO] Total time:  14.150 s
[INFO] Finished at: 2023-05-30T21:09:49+02:00
[INFO] ------------------------------------------------------------------------

Security framework of XStream not initialized, XStream is probably vulnerable.

---------------------------------------------------
[LOG] Cleaned targets with ['mvn', 'clean']
[INFO] Scanning for projects...
[WARNING] 
[WARNING] Some problems were encountered while building the effective model for com.graphhopper:rick-major:jar:5.3
[WARNING] 'dependencies.dependency.(groupId:artifactId:type:classifier)' must be unique: com.graphhopper:graphhopper-web:jar -> duplicate declaration of version 5.3 @ line 79, column 17
[WARNING] 
[WARNING] It is highly recommended to fix these problems because they threaten the stability of your build.
[WARNING] 
[WARNING] For this reason, future Maven versions might no longer support building such malformed projects.
[WARNING] 
[INFO] 
[INFO] ---------------------< com.graphhopper:rick-major >---------------------
[INFO] Building rick-major 5.3
[INFO] --------------------------------[ jar ]---------------------------------
[INFO] 
[INFO] --- maven-clean-plugin:2.5:clean (default-clean) @ rick-major ---
[INFO] Deleting /home/dee/dev/rick-major-review/graphhopper/rick-major/target
[INFO] ------------------------------------------------------------------------
[INFO] BUILD SUCCESS
[INFO] ------------------------------------------------------------------------
[INFO] Total time:  0.994 s
[INFO] Finished at: 2023-05-30T21:09:55+02:00
[INFO] ------------------------------------------------------------------------


---------------------------------------------------
[LOG] In experiment directory /home/dee/dev/rick-major-review/finches
---------------------------------------------------
[LOG] Restoring original RICK test from ./DouglasPeucker.java/original-test.java
[LOG] Invoking cp ./DouglasPeucker.java/original-test.java /home/dee/dev/rick-major-review/graphhopper/rick-major/src/test/java/com/graphhopper/util/TestDouglasPeuckerRickGen.java
---------------------------------------------------
[ALL] Evaluating (OO +) PO + CO
[LOG] Restoring original RICK test from ./DouglasPeucker.java/original-test.java
[LOG] Invoking cp ./DouglasPeucker.java/original-test.java /home/dee/dev/rick-major-review/graphhopper/rick-major/src/test/java/com/graphhopper/util/TestDouglasPeuckerRickGen.java
[LOG] In test module directory /home/dee/dev/rick-major-review/graphhopper/rick-major
[LOG] Invoked tests with ['mvn', 'test', '-Dtest=TestDouglasPeuckerRickGen']
[INFO] Scanning for projects...
[WARNING] 
[WARNING] Some problems were encountered while building the effective model for com.graphhopper:rick-major:jar:5.3
[WARNING] 'dependencies.dependency.(groupId:artifactId:type:classifier)' must be unique: com.graphhopper:graphhopper-web:jar -> duplicate declaration of version 5.3 @ line 79, column 17
[WARNING] 
[WARNING] It is highly recommended to fix these problems because they threaten the stability of your build.
[WARNING] 
[WARNING] For this reason, future Maven versions might no longer support building such malformed projects.
[WARNING] 
[INFO] 
[INFO] ---------------------< com.graphhopper:rick-major >---------------------
[INFO] Building rick-major 5.3
[INFO] --------------------------------[ jar ]---------------------------------
[INFO] 
[INFO] --- maven-resources-plugin:2.6:resources (default-resources) @ rick-major ---
[INFO] Using 'UTF-8' encoding to copy filtered resources.
[INFO] Copying 0 resource
[INFO] 
[INFO] --- maven-compiler-plugin:3.8.1:compile (default-compile) @ rick-major ---
[INFO] Nothing to compile - all classes are up to date
[INFO] 
[INFO] --- maven-resources-plugin:2.6:testResources (default-testResources) @ rick-major ---
[INFO] Using 'UTF-8' encoding to copy filtered resources.
[INFO] Copying 3 resources
[INFO] 
[INFO] --- maven-compiler-plugin:3.8.1:testCompile (default-testCompile) @ rick-major ---
[INFO] Changes detected - recompiling the module!
[INFO] Compiling 3 source files to /home/dee/dev/rick-major-review/graphhopper/rick-major/target/test-classes
[INFO] 
[INFO] --- maven-surefire-plugin:2.22.2:test (default-test) @ rick-major ---
[INFO] 
[INFO] -------------------------------------------------------
[INFO]  T E S T S
[INFO] -------------------------------------------------------
[INFO] Running com.graphhopper.util.TestDouglasPeuckerRickGen
[INFO] Tests run: 2, Failures: 0, Errors: 0, Skipped: 0, Time elapsed: 3.369 s - in com.graphhopper.util.TestDouglasPeuckerRickGen
[INFO] 
[INFO] Results:
[INFO] 
[INFO] Tests run: 2, Failures: 0, Errors: 0, Skipped: 0
[INFO] 
[INFO] ------------------------------------------------------------------------
[INFO] BUILD SUCCESS
[INFO] ------------------------------------------------------------------------
[INFO] Total time:  13.817 s
[INFO] Finished at: 2023-05-30T21:10:12+02:00
[INFO] ------------------------------------------------------------------------

Security framework of XStream not initialized, XStream is probably vulnerable.

---------------------------------------------------
[LOG] Cleaned targets with ['mvn', 'clean']
[INFO] Scanning for projects...
[WARNING] 
[WARNING] Some problems were encountered while building the effective model for com.graphhopper:rick-major:jar:5.3
[WARNING] 'dependencies.dependency.(groupId:artifactId:type:classifier)' must be unique: com.graphhopper:graphhopper-web:jar -> duplicate declaration of version 5.3 @ line 79, column 17
[WARNING] 
[WARNING] It is highly recommended to fix these problems because they threaten the stability of your build.
[WARNING] 
[WARNING] For this reason, future Maven versions might no longer support building such malformed projects.
[WARNING] 
[INFO] 
[INFO] ---------------------< com.graphhopper:rick-major >---------------------
[INFO] Building rick-major 5.3
[INFO] --------------------------------[ jar ]---------------------------------
[INFO] 
[INFO] --- maven-clean-plugin:2.5:clean (default-clean) @ rick-major ---
[INFO] Deleting /home/dee/dev/rick-major-review/graphhopper/rick-major/target
[INFO] ------------------------------------------------------------------------
[INFO] BUILD SUCCESS
[INFO] ------------------------------------------------------------------------
[INFO] Total time:  1.054 s
[INFO] Finished at: 2023-05-30T21:10:17+02:00
[INFO] ------------------------------------------------------------------------


---------------------------------------------------
[LOG] In experiment directory /home/dee/dev/rick-major-review/finches
---------------------------------------------------
---------------------------------------------------
[LOG] Resetting DouglasPeucker.java to original
[LOG] Invoking cp ./DouglasPeucker.java/original.java /home/dee/dev/rick-major-review/graphhopper/core/src/main/java/com/graphhopper/util/DouglasPeucker.java
---------------------------------------------------
[LOG] Copying littledarwin mutants to /home/dee/dev/rick-major-review/finches/output/setMaxDistance(double)/
[LOG] Invoked copying with ['cp', '-r', '/home/dee/dev/rick-major-review/finches/DouglasPeucker.java', '/home/dee/dev/rick-major-review/finches/output/setMaxDistance(double)/']


====== END OF THE LINE ======
